机器码：268220C6B4306836
读入注册信息成功:
公司：延长石油
机器码：268220C6B4306836
注册码：2DE5595D0BD79D45936AA4F473539F41
授权成功：2016年12月31日！
机器码：268220C6B4306836
读入注册信息成功:
公司：延长石油
机器码：268220C6B4306836
注册码：2DE5595D0BD79D45936AA4F473539F41
授权成功：2016年12月31日！
机器码：268220C6B4306836
读入注册信息成功:
公司：延长石油
机器码：268220C6B4306836
注册码：2DE5595D0BD79D45936AA4F473539F41
授权成功：2016年12月31日！
机器码：268220C6B4306836
读入注册信息成功:
公司：延长石油
机器码：268220C6B4306836
注册码：2DE5595D0BD79D45936AA4F473539F41
授权成功：2016年12月31日！
机器码：268220C6B4306836
读入注册信息成功:
公司：延长石油
机器码：268220C6B4306836
注册码：2DE5595D0BD79D45936AA4F473539F41
授权成功：2016年12月31日！
机器码：268220C6B4306836
读入注册信息成功:
公司：延长石油
机器码：268220C6B4306836
注册码：2DE5595D0BD79D45936AA4F473539F41
授权成功：2016年12月31日！
机器码：268220C6B4306836
读入注册信息成功:
公司：延长石油
机器码：268220C6B4306836
注册码：2DE5595D0BD79D45936AA4F473539F41
授权成功：2016年12月31日！
机器码：268220C6B4306836
读入注册信息成功:
公司：延长石油
机器码：268220C6B4306836
注册码：2DE5595D0BD79D45936AA4F473539F41
授权成功：2016年12月31日！
机器码：268220C6B4306836
读入注册信息成功:
公司：延长石油
机器码：268220C6B4306836
注册码：2DE5595D0BD79D45936AA4F473539F41
授权成功：2016年12月31日！
机器码：268220C6B4306836
读入注册信息成功:
公司：延长石油
机器码：268220C6B4306836
注册码：2DE5595D0BD79D45936AA4F473539F41
授权成功：2016年12月31日！
机器码：268220C6B4306836
读入注册信息成功:
公司：延长石油
机器码：268220C6B4306836
注册码：2DE5595D0BD79D45936AA4F473539F41
授权成功：2016年12月31日！
机器码：268220C6B4306836
读入注册信息成功:
公司：延长石油
机器码：268220C6B4306836
注册码：2DE5595D0BD79D45936AA4F473539F41
授权成功：2016年12月31日！
机器码：268220C6B4306836
读入注册信息成功:
公司：延长石油
机器码：268220C6B4306836
注册码：2DE5595D0BD79D45936AA4F473539F41
授权成功：2016年12月31日！
机器码：268220C6B4306836
读入注册信息成功:
公司：延长石油
机器码：268220C6B4306836
注册码：2DE5595D0BD79D45936AA4F473539F41
授权成功：2016年12月31日！
机器码：268220C6B4306836
读入注册信息成功:
公司：延长石油
机器码：268220C6B4306836
注册码：2DE5595D0BD79D45936AA4F473539F41
授权成功：2016年12月31日！
机器码：268220C6B4306836
读入注册信息成功:
公司：延长石油
机器码：268220C6B4306836
注册码：2DE5595D0BD79D45936AA4F473539F41
授权成功：2016年12月31日！
机器码：268220C6B4306836
读入注册信息成功:
公司：延长石油
机器码：268220C6B4306836
注册码：2DE5595D0BD79D45936AA4F473539F41
授权成功：2016年12月31日！
机器码：268220C6B4306836
读入注册信息成功:
公司：延长石油
机器码：268220C6B4306836
注册码：2DE5595D0BD79D45936AA4F473539F41
授权成功：2016年12月31日！
机器码：268220C6B4306836
读入注册信息成功:
公司：延长石油
机器码：268220C6B4306836
注册码：2DE5595D0BD79D45936AA4F473539F41
授权成功：2016年12月31日！
机器码：268220C6B4306836
读入注册信息成功:
公司：延长石油
机器码：268220C6B4306836
注册码：2DE5595D0BD79D45936AA4F473539F41
授权成功：2016年12月31日！
机器码：268220C6B4306836
读入注册信息成功:
公司：延长石油
机器码：268220C6B4306836
注册码：2DE5595D0BD79D45936AA4F473539F41
授权成功：2016年12月31日！
机器码：268220C6B4306836
读入注册信息成功:
公司：延长石油
机器码：268220C6B4306836
注册码：2DE5595D0BD79D45936AA4F473539F41
授权成功：2016年12月31日！
机器码：268220C6B4306836
读入注册信息成功:
公司：延长石油
机器码：268220C6B4306836
注册码：2DE5595D0BD79D45936AA4F473539F41
授权成功：2016年12月31日！
机器码：268220C6B4306836
读入注册信息成功:
公司：延长石油
机器码：268220C6B4306836
注册码：2DE5595D0BD79D45936AA4F473539F41
授权成功：2016年12月31日！
机器码：268220C6B4306836
读入注册信息成功:
公司：延长石油
机器码：268220C6B4306836
注册码：2DE5595D0BD79D45936AA4F473539F41
授权成功：2016年12月31日！
机器码：268220C6B4306836
读入注册信息成功:
公司：延长石油
机器码：268220C6B4306836
注册码：2DE5595D0BD79D45936AA4F473539F41
授权成功：2016年12月31日！
机器码：268220C6B4306836
读入注册信息成功:
公司：延长石油
机器码：268220C6B4306836
注册码：2DE5595D0BD79D45936AA4F473539F41
授权成功：2016年12月31日！
机器码：268220C6B4306836
读入注册信息成功:
公司：延长石油
机器码：268220C6B4306836
注册码：2DE5595D0BD79D45936AA4F473539F41
授权成功：2016年12月31日！
机器码：268220C6B4306836
读入注册信息成功:
公司：延长石油
机器码：268220C6B4306836
注册码：2DE5595D0BD79D45936AA4F473539F41
授权成功：2016年12月31日！
机器码：268220C6B4306836
读入注册信息成功:
公司：延长石油
机器码：268220C6B4306836
注册码：2DE5595D0BD79D45936AA4F473539F41
授权成功：2016年12月31日！
机器码：268220C6B4306836
读入注册信息成功:
公司：延长石油
机器码：268220C6B4306836
注册码：2DE5595D0BD79D45936AA4F473539F41
授权成功：2016年12月31日！
机器码：268220C6B4306836
读入注册信息成功:
公司：延长石油
机器码：268220C6B4306836
注册码：2DE5595D0BD79D45936AA4F473539F41
授权成功：2016年12月31日！
机器码：268220C6B4306836
读入注册信息成功:
公司：延长石油
机器码：268220C6B4306836
注册码：2DE5595D0BD79D45936AA4F473539F41
授权成功：2016年12月31日！
机器码：268220C6B4306836
读入注册信息成功:
公司：延长石油
机器码：268220C6B4306836
注册码：2DE5595D0BD79D45936AA4F473539F41
授权成功：2016年12月31日！
机器码：268220C6B4306836
读入注册信息成功:
公司：延长石油
机器码：268220C6B4306836
注册码：2DE5595D0BD79D45936AA4F473539F41
授权成功：2016年12月31日！
机器码：268220C6B4306836
读入注册信息成功:
公司：延长石油
机器码：268220C6B4306836
注册码：2DE5595D0BD79D45936AA4F473539F41
授权成功：2016年12月31日！
机器码：F9D37BCC0F68CD69
读入注册信息成功:
公司：延长石油
机器码：268220C6B4306836
注册码：2DE5595D0BD79D45936AA4F473539F41
机器码不一致！
机器码：F9D37BCC0F68CD69
读入注册信息成功:
公司：陕西延长石油集团
机器码：F9D37BCC0F68CD69
注册码：F3ED9FB9627F02B8C14C564A08969644
授权成功：2017年01月01日！
机器码：F9D37BCC0F68CD69
读入注册信息成功:
公司：陕西延长石油集团
机器码：F9D37BCC0F68CD69
注册码：F3ED9FB9627F02B8C14C564A08969644
授权成功：2017年01月01日！
机器码：F9D37BCC0F68CD69
读入注册信息成功:
公司：陕西延长石油集团
机器码：F9D37BCC0F68CD69
注册码：F3ED9FB9627F02B8C14C564A08969644
授权成功：2017年01月01日！
机器码：F9D37BCC0F68CD69
读入注册信息成功:
公司：陕西延长石油集团
机器码：F9D37BCC0F68CD69
注册码：F3ED9FB9627F02B8C14C564A08969644
授权成功：2017年01月01日！
机器码：F9D37BCC0F68CD69
读入注册信息成功:
公司：陕西延长石油集团
机器码：F9D37BCC0F68CD69
注册码：F3ED9FB9627F02B8C14C564A08969644
授权成功：2017年01月01日！
机器码：F9D37BCC0F68CD69
读入注册信息成功:
公司：陕西延长石油集团
机器码：F9D37BCC0F68CD69
注册码：F3ED9FB9627F02B8C14C564A08969644
授权成功：2017年01月01日！
机器码：F9D37BCC0F68CD69
读入注册信息成功:
公司：陕西延长石油集团
机器码：F9D37BCC0F68CD69
注册码：F3ED9FB9627F02B8C14C564A08969644
授权成功：2017年01月01日！
机器码：F9D37BCC0F68CD69
读入注册信息成功:
公司：陕西延长石油集团
机器码：F9D37BCC0F68CD69
注册码：F3ED9FB9627F02B8C14C564A08969644
授权成功：2017年01月01日！
机器码：F9D37BCC0F68CD69
读入注册信息成功:
公司：陕西延长石油集团
机器码：F9D37BCC0F68CD69
注册码：F3ED9FB9627F02B8C14C564A08969644
授权成功：2017年01月01日！
机器码：F9D37BCC0F68CD69
读入注册信息成功:
公司：陕西延长石油集团
机器码：F9D37BCC0F68CD69
注册码：F3ED9FB9627F02B8C14C564A08969644
授权成功：2017年01月01日！
机器码：F9D37BCC0F68CD69
读入注册信息成功:
公司：陕西延长石油集团
机器码：F9D37BCC0F68CD69
注册码：F3ED9FB9627F02B8C14C564A08969644
授权成功：2017年01月01日！
机器码：F9D37BCC0F68CD69
读入注册信息成功:
公司：陕西延长石油集团
机器码：F9D37BCC0F68CD69
注册码：F3ED9FB9627F02B8C14C564A08969644
授权成功：2017年01月01日！
机器码：F9D37BCC0F68CD69
读入注册信息成功:
公司：陕西延长石油集团
机器码：F9D37BCC0F68CD69
注册码：F3ED9FB9627F02B8C14C564A08969644
授权成功：2017年01月01日！
机器码：F9D37BCC0F68CD69
读入注册信息成功:
公司：陕西延长石油集团
机器码：F9D37BCC0F68CD69
注册码：F3ED9FB9627F02B8C14C564A08969644
授权成功：2017年01月01日！
机器码：F9D37BCC0F68CD69
读入注册信息成功:
公司：陕西延长石油集团
机器码：F9D37BCC0F68CD69
注册码：F3ED9FB9627F02B8C14C564A08969644
授权成功：2017年01月01日！
机器码：F9D37BCC0F68CD69
读入注册信息成功:
公司：陕西延长石油集团
机器码：F9D37BCC0F68CD69
注册码：F3ED9FB9627F02B8C14C564A08969644
授权成功：2017年01月01日！
机器码：F9D37BCC0F68CD69
读入注册信息成功:
公司：陕西延长石油集团
机器码：F9D37BCC0F68CD69
注册码：F3ED9FB9627F02B8C14C564A08969644
授权成功：2017年01月01日！
机器码：F9D37BCC0F68CD69
读入注册信息成功:
公司：陕西延长石油集团
机器码：F9D37BCC0F68CD69
注册码：F3ED9FB9627F02B8C14C564A08969644
授权成功：2017年01月01日！
机器码：F9D37BCC0F68CD69
读入注册信息成功:
公司：陕西延长石油集团
机器码：F9D37BCC0F68CD69
注册码：F3ED9FB9627F02B8C14C564A08969644
授权成功：2017年01月01日！
机器码：F9D37BCC0F68CD69
读入注册信息成功:
公司：陕西延长石油集团
机器码：F9D37BCC0F68CD69
注册码：F3ED9FB9627F02B8C14C564A08969644
授权成功：2017年01月01日！
机器码：F9D37BCC0F68CD69
读入注册信息成功:
公司：陕西延长石油集团
机器码：F9D37BCC0F68CD69
注册码：F3ED9FB9627F02B8C14C564A08969644
授权成功：2017年01月01日！
机器码：F9D37BCC0F68CD69
读入注册信息成功:
公司：陕西延长石油集团
机器码：F9D37BCC0F68CD69
注册码：F3ED9FB9627F02B8C14C564A08969644
授权成功：2017年01月01日！
机器码：F9D37BCC0F68CD69
读入注册信息成功:
公司：陕西延长石油集团
机器码：F9D37BCC0F68CD69
注册码：F3ED9FB9627F02B8C14C564A08969644
授权成功：2017年01月01日！
机器码：F9D37BCC0F68CD69
读入注册信息成功:
公司：陕西延长石油集团
机器码：F9D37BCC0F68CD69
注册码：F3ED9FB9627F02B8C14C564A08969644
授权成功：2017年01月01日！
机器码：F9D37BCC0F68CD69
读入注册信息成功:
公司：陕西延长石油集团
机器码：F9D37BCC0F68CD69
注册码：F3ED9FB9627F02B8C14C564A08969644
授权成功：2017年01月01日！
机器码：F9D37BCC0F68CD69
读入注册信息成功:
公司：陕西延长石油集团
机器码：F9D37BCC0F68CD69
注册码：F3ED9FB9627F02B8C14C564A08969644
授权成功：2017年01月01日！
机器码：F9D37BCC0F68CD69
读入注册信息成功:
公司：陕西延长石油集团
机器码：F9D37BCC0F68CD69
注册码：F3ED9FB9627F02B8C14C564A08969644
授权成功：2017年01月01日！
机器码：F9D37BCC0F68CD69
读入注册信息成功:
公司：陕西延长石油集团
机器码：F9D37BCC0F68CD69
注册码：F3ED9FB9627F02B8C14C564A08969644
授权成功：2017年01月01日！
机器码：F9D37BCC0F68CD69
读入注册信息成功:
公司：陕西延长石油集团
机器码：F9D37BCC0F68CD69
注册码：F3ED9FB9627F02B8C14C564A08969644
授权成功：2017年01月01日！
机器码：F9D37BCC0F68CD69
读入注册信息成功:
公司：陕西延长石油集团
机器码：F9D37BCC0F68CD69
注册码：F3ED9FB9627F02B8C14C564A08969644
授权成功：2017年01月01日！
机器码：F9D37BCC0F68CD69
读入注册信息成功:
公司：陕西延长石油集团
机器码：F9D37BCC0F68CD69
注册码：F3ED9FB9627F02B8C14C564A08969644
授权成功：2017年01月01日！
机器码：F9D37BCC0F68CD69
读入注册信息成功:
公司：陕西延长石油集团
机器码：F9D37BCC0F68CD69
注册码：F3ED9FB9627F02B8C14C564A08969644
授权成功：2017年01月01日！
机器码：F9D37BCC0F68CD69
读入注册信息成功:
公司：陕西延长石油集团
机器码：F9D37BCC0F68CD69
注册码：F3ED9FB9627F02B8C14C564A08969644
授权成功：2017年01月01日！
机器码：F9D37BCC0F68CD69
读入注册信息成功:
公司：陕西延长石油集团
机器码：F9D37BCC0F68CD69
注册码：F3ED9FB9627F02B8C14C564A08969644
授权成功：2017年01月01日！
机器码：F9D37BCC0F68CD69
读入注册信息成功:
公司：陕西延长石油集团
机器码：F9D37BCC0F68CD69
注册码：F3ED9FB9627F02B8C14C564A08969644
授权成功：2017年01月01日！
机器码：F9D37BCC0F68CD69
读入注册信息成功:
公司：陕西延长石油集团
机器码：F9D37BCC0F68CD69
注册码：F3ED9FB9627F02B8C14C564A08969644
授权成功：2017年01月01日！
机器码：F9D37BCC0F68CD69
读入注册信息成功:
公司：陕西延长石油集团
机器码：F9D37BCC0F68CD69
注册码：F3ED9FB9627F02B8C14C564A08969644
授权成功：2017年01月01日！
机器码：F9D37BCC0F68CD69
读入注册信息成功:
公司：陕西延长石油集团
机器码：F9D37BCC0F68CD69
注册码：F3ED9FB9627F02B8C14C564A08969644
授权成功：2017年01月01日！
机器码：F9D37BCC0F68CD69
读入注册信息成功:
公司：陕西延长石油集团
机器码：F9D37BCC0F68CD69
注册码：F3ED9FB9627F02B8C14C564A08969644
授权成功：2017年01月01日！
机器码：F9D37BCC0F68CD69
读入注册信息成功:
公司：陕西延长石油集团
机器码：F9D37BCC0F68CD69
注册码：F3ED9FB9627F02B8C14C564A08969644
授权成功：2017年01月01日！
机器码：F9D37BCC0F68CD69
读入注册信息成功:
公司：陕西延长石油集团
机器码：F9D37BCC0F68CD69
注册码：F3ED9FB9627F02B8C14C564A08969644
授权成功：2017年01月01日！
机器码：F9D37BCC0F68CD69
读入注册信息成功:
公司：陕西延长石油集团
机器码：F9D37BCC0F68CD69
注册码：F3ED9FB9627F02B8C14C564A08969644
授权成功：2017年01月01日！
机器码：F9D37BCC0F68CD69
读入注册信息成功:
公司：陕西延长石油集团
机器码：F9D37BCC0F68CD69
注册码：F3ED9FB9627F02B8C14C564A08969644
授权成功：2017年01月01日！
机器码：F9D37BCC0F68CD69
读入注册信息成功:
公司：陕西延长石油集团
机器码：F9D37BCC0F68CD69
注册码：F3ED9FB9627F02B8C14C564A08969644
授权成功：2017年01月01日！
机器码：F9D37BCC0F68CD69
读入注册信息成功:
公司：陕西延长石油集团
机器码：F9D37BCC0F68CD69
注册码：F3ED9FB9627F02B8C14C564A08969644
授权成功：2017年01月01日！
机器码：F9D37BCC0F68CD69
读入注册信息成功:
公司：陕西延长石油集团
机器码：F9D37BCC0F68CD69
注册码：F3ED9FB9627F02B8C14C564A08969644
授权成功：2017年01月01日！
机器码：F9D37BCC0F68CD69
读入注册信息成功:
公司：陕西延长石油集团
机器码：F9D37BCC0F68CD69
注册码：F3ED9FB9627F02B8C14C564A08969644
授权成功：2017年01月01日！
机器码：F9D37BCC0F68CD69
读入注册信息成功:
公司：陕西延长石油集团
机器码：F9D37BCC0F68CD69
注册码：F3ED9FB9627F02B8C14C564A08969644
授权成功：2017年01月01日！
机器码：F9D37BCC0F68CD69
读入注册信息成功:
公司：陕西延长石油集团
机器码：F9D37BCC0F68CD69
注册码：F3ED9FB9627F02B8C14C564A08969644
授权成功：2017年01月01日！
机器码：F9D37BCC0F68CD69
读入注册信息成功:
公司：陕西延长石油集团
机器码：F9D37BCC0F68CD69
注册码：F3ED9FB9627F02B8C14C564A08969644
授权成功：2017年01月01日！
机器码：F9D37BCC0F68CD69
读入注册信息成功:
公司：陕西延长石油集团
机器码：F9D37BCC0F68CD69
注册码：F3ED9FB9627F02B8C14C564A08969644
授权成功：2017年01月01日！
机器码：F9D37BCC0F68CD69
读入注册信息成功:
公司：陕西延长石油集团
机器码：F9D37BCC0F68CD69
注册码：F3ED9FB9627F02B8C14C564A08969644
授权成功：2017年01月01日！
机器码：F9D37BCC0F68CD69
读入注册信息成功:
公司：陕西延长石油集团
机器码：F9D37BCC0F68CD69
注册码：F3ED9FB9627F02B8C14C564A08969644
授权成功：2017年01月01日！
机器码：F9D37BCC0F68CD69
读入注册信息成功:
公司：陕西延长石油集团
机器码：F9D37BCC0F68CD69
注册码：F3ED9FB9627F02B8C14C564A08969644
授权成功：2017年01月01日！
机器码：F9D37BCC0F68CD69
读入注册信息成功:
公司：陕西延长石油集团
机器码：F9D37BCC0F68CD69
注册码：F3ED9FB9627F02B8C14C564A08969644
授权成功：2017年01月01日！
机器码：
读入注册信息成功:
公司：陕西延长石油集团
机器码：F9D37BCC0F68CD69
注册码：F3ED9FB9627F02B8C14C564A08969644
机器码不一致！
机器码：
读入注册信息成功:
公司：陕西延长石油集团
机器码：F9D37BCC0F68CD69
注册码：F3ED9FB9627F02B8C14C564A08969644
机器码不一致！
机器码：F9D37BCC0F68CD69
读入注册信息成功:
公司：陕西延长石油集团
机器码：F9D37BCC0F68CD69
注册码：F3ED9FB9627F02B8C14C564A08969644
授权成功：2017年01月01日！
机器码：F9D37BCC0F68CD69
读入注册信息成功:
公司：陕西延长石油集团
机器码：F9D37BCC0F68CD69
注册码：F3ED9FB9627F02B8C14C564A08969644
授权成功：2017年01月01日！
机器码：F9D37BCC0F68CD69
读入注册信息成功:
公司：陕西延长石油集团
机器码：F9D37BCC0F68CD69
注册码：F3ED9FB9627F02B8C14C564A08969644
授权成功：2017年01月01日！
机器码：F9D37BCC0F68CD69
读入注册信息成功:
公司：陕西延长石油集团
机器码：F9D37BCC0F68CD69
注册码：F3ED9FB9627F02B8C14C564A08969644
授权成功：2017年01月01日！
机器码：F9D37BCC0F68CD69
读入注册信息成功:
公司：陕西延长石油集团
机器码：F9D37BCC0F68CD69
注册码：F3ED9FB9627F02B8C14C564A08969644
授权成功：2017年01月01日！
机器码：F9D37BCC0F68CD69
读入注册信息成功:
公司：陕西延长石油集团
机器码：F9D37BCC0F68CD69
注册码：F3ED9FB9627F02B8C14C564A08969644
授权成功：2017年01月01日！
机器码：F9D37BCC0F68CD69
读入注册信息成功:
公司：陕西延长石油集团
机器码：F9D37BCC0F68CD69
注册码：F3ED9FB9627F02B8C14C564A08969644
授权成功：2017年01月01日！
机器码：F9D37BCC0F68CD69
读入注册信息成功:
公司：陕西延长石油集团
机器码：F9D37BCC0F68CD69
注册码：F3ED9FB9627F02B8C14C564A08969644
授权成功：2017年01月01日！
机器码：D67F8BB7CE307736
读入注册信息成功:
公司：陕西延长石油集团
机器码：F9D37BCC0F68CD69
注册码：F3ED9FB9627F02B8C14C564A08969644
机器码不一致！
